生成启动时间为 2015/4/26 23:06:37。
     1>项目“C:\Users\wu\Desktop\图书20150426\tushu.vcxproj”在节点 2 上(Build 个目标)。
     1>ClCompile:
         D:\Program Files (x86)\Microsoft Visual Studio 11.0\VC\bin\CL.exe /c /ZI /nologo /W3 /WX- /Od /Oy- /D WIN32 /D _DEBUG /D _CONSOLE /D _VC80_UPGRADE=0x0600 /D _MBCS /Gm /EHsc /RTC1 /MTd /GS /Gy- /fp:precise /Zc:wchar_t /Zc:forScope /Fo".\Debug\\" /Fd".\Debug\vc110.pdb" /Gd /TP /analyze- /errorReport:prompt main.cpp reader.cpp
         reader.cpp
     1>c:\users\wu\desktop\图书20150426\reader.h(23): warning C4996: 'strcpy': This function or variable may be unsafe. Consider using strcpy_s instead. To disable deprecation, use _CRT_SECURE_NO_WARNINGS. See online help for details.
                 d:\program files (x86)\microsoft visual studio 11.0\vc\include\string.h(110) : 参见“strcpy”的声明
     1>c:\users\wu\desktop\图书20150426\reader.cpp(10): warning C4996: 'strcpy': This function or variable may be unsafe. Consider using strcpy_s instead. To disable deprecation, use _CRT_SECURE_NO_WARNINGS. See online help for details.
                 d:\program files (x86)\microsoft visual studio 11.0\vc\include\string.h(110) : 参见“strcpy”的声明
         main.cpp
     1>c:\users\wu\desktop\图书20150426\reader.h(23): warning C4996: 'strcpy': This function or variable may be unsafe. Consider using strcpy_s instead. To disable deprecation, use _CRT_SECURE_NO_WARNINGS. See online help for details.
                 d:\program files (x86)\microsoft visual studio 11.0\vc\include\string.h(110) : 参见“strcpy”的声明
         正在生成代码...
     1>c:\users\wu\desktop\图书20150426\main.cpp(505): warning C4700: 使用了未初始化的局部变量“choice”
     1>c:\users\wu\desktop\图书20150426\main.cpp(627): warning C4700: 使用了未初始化的局部变量“choice”
     1>c:\users\wu\desktop\图书20150426\reader.cpp(54): warning C4700: 使用了未初始化的局部变量“choice”
       Link:
         D:\Program Files (x86)\Microsoft Visual Studio 11.0\VC\bin\link.exe /ERRORREPORT:PROMPT /OUT:".\Debug\tushu.exe" /INCREMENTAL /NOLOGO odbc32.lib odbccp32.lib kernel32.lib user32.lib gdi32.lib winspool.lib comdlg32.lib advapi32.lib shell32.lib ole32.lib oleaut32.lib uuid.lib odbc32.lib odbccp32.lib /MANIFEST /MANIFESTUAC:"level='asInvoker' uiAccess='false'" /manifest:embed /DEBUG /PDB:".\Debug\tushu.pdb" /SUBSYSTEM:CONSOLE /TLBID:1 /DYNAMICBASE /NXCOMPAT /IMPLIB:".\Debug\tushu.lib" /MACHINE:X86 /SAFESEH .\Debug\main.obj
         .\Debug\reader.obj
     1>LINK : warning LNK4076: 增量状态文件“.\Debug\tushu.ilk”无效(将删除)；正以非增量方式链接
     1>main.obj : warning LNK4075: 忽略“/EDITANDCONTINUE”(由于“/OPT:LBR”规范)
         tushu.vcxproj -> C:\Users\wu\Desktop\图书20150426\.\Debug\tushu.exe
     1>已完成生成项目“C:\Users\wu\Desktop\图书20150426\tushu.vcxproj”(Build 个目标)的操作。

生成成功。

已用时间 00:00:05.39
